ID	TEXT	1
Creation_Date	DATE	1
Modification_Date	DATE	1
Creation_Time	TIME	1
Modification_Time	TIME	1
Creation_User	TEXT	1
Modification_User	TEXT	1
One	NUMBER	1
gText_1	TEXT	1
gText_2	TEXT	1
gText_3	TEXT	1
gText_4	TEXT	1
gText_5	TEXT	1
gNumber_1	NUMBER	1
gNumber_2	NUMBER	1
gNumber_3	NUMBER	1
gNumber_4	NUMBER	1
gNumber_5	NUMBER	1
userID	TEXT	1
orderID	TEXT	1
shadeID	TEXT	1
loginFK	TEXT	1
loginFKRandom	TEXT	1
userName	TEXT	1
userStation	TEXT	1
Action	TEXT	1
orderNumber	NUMBER	1
InvoiceNumber	TEXT	1
CalcTimeKey	TEXT	1
CalcTimeDiff	NUMBER	1
CalcTimeKeyNot	TEXT	1
CalcDaysDiff	DATE	1
CalcTimeDays	NUMBER	1
CalcWorkDays	NUMBER	1
ifFriday	NUMBER	1
sumTimeDiff	NUMBER	1
sumOne	NUMBER	1
gText_6	TEXT	1
gText_7	TEXT	1
gText_8	TEXT	1
gText_9	TEXT	1
gText_10	TEXT	1
TotalHours	NUMBER	1
testing	TIME	1
avgPerShade	NUMBER	1
sumShades	NUMBER	1
TimeDiffSeconds	NUMBER	1
sumTimeDiffSeconds	NUMBER	1
LengthCalc	NUMBER	1
sumPoints	NUMBER	1
PointValue	NUMBER	1
ShadeNumber	NUMBER	1
Order_PlusNumber	TEXT	1
shadeRef1	TEXT	1
shadeRef2	TEXT	1
shadeRef3	TEXT	1
shadeRef4	TEXT	1
shadeRef5	TEXT	1
shadeRef6	TEXT	1
shadeRef7	TEXT	1
shadeRef8	TEXT	1
HasSiblings	NUMBER	1
