Billing Box	TEXT	1
Cost	NUMBER	60
Creation_Date	DATE	1
Creation_Time	TIME	1
Creation_User	TEXT	1
DateEntered	DATE	1
deposit_amount	NUMBER	1
Discount Charge	NUMBER	1
Discount Field Label	TEXT	1
Discount Percentage	NUMBER	1
Due Date	TEXT	1
DueDate	DATE	1
Fabric	TEXT	1
Get Cost 1	NUMBER	1
Get Cost 10	NUMBER	1
Get Cost 11	NUMBER	1
Get Cost 12	NUMBER	1
Get Cost 2	NUMBER	1
Get Cost 3	NUMBER	1
Get Cost 4	NUMBER	1
Get Cost 5	NUMBER	1
Get Cost 6	NUMBER	1
Get Cost 7	NUMBER	1
Get Cost 8	NUMBER	1
Get Cost 9	NUMBER	1
Get Line Item 1	TEXT	1
Get Line Item 10	TEXT	1
Get Line Item 11	TEXT	1
Get Line Item 12	TEXT	1
Get Line Item 2	TEXT	1
Get Line Item 3	TEXT	1
Get Line Item 4	TEXT	1
Get Line Item 5	TEXT	1
Get Line Item 6	TEXT	1
Get Line Item 7	TEXT	1
Get Line Item 8	TEXT	1
Get Line Item 9	TEXT	1
Get Qty 1	TEXT	1
Get Qty 10	TEXT	1
Get Qty 11	TEXT	1
Get Qty 12	TEXT	1
Get Qty 2	TEXT	1
Get Qty 3	TEXT	1
Get Qty 4	TEXT	1
Get Qty 5	TEXT	1
Get Qty 6	TEXT	1
Get Qty 7	TEXT	1
Get Qty 8	TEXT	1
Get Qty 9	TEXT	1
gNumber_1	NUMBER	1
gNumber_2	NUMBER	1
gNumber_3	NUMBER	1
gNumber_4	NUMBER	1
gNumber_5	NUMBER	1
gText_1	TEXT	1
gText_2	TEXT	1
gText_3	TEXT	1
gText_4	TEXT	1
gText_5	TEXT	1
ID	TEXT	1
Invoice Boxing	NUMBER	1
Invoice Number	TEXT	1
Invoice Shipping	NUMBER	1
Invoice Subtotal	NUMBER	1
Invoice Total	NUMBER	1
InvoiceTerms	TEXT	1
Line Item	TEXT	60
lineItems	NUMBER	1
lining	TEXT	1
Modification_Date	DATE	1
Modification_Time	TIME	1
Modification_User	TEXT	1
Notes	TEXT	1
One	NUMBER	1
Order FK	TEXT	1
Phone	TEXT	1
PO	TEXT	1
points	NUMBER	1
pointsTotal	TEXT	1
pricingAggregate	TEXT	1
pricingAggregateLabels	TEXT	1
Quantity	NUMBER	60
Random_Orders_Key	TEXT	1
Received Date	TEXT	1
Rush Charge	NUMBER	1
Rush Field Label	TEXT	1
Rush Percentage	NUMBER	1
Ship Date	TEXT	1
Shipping Box	TEXT	1
Shipping Method	TEXT	1
Side Mark	TEXT	1
sumInvoiceTotal	NUMBER	1
sumlineItems	NUMBER	1
sumOne	NUMBER	1
sumPoints	NUMBER	1
total_due	NUMBER	1
TotalYards	NUMBER	1
