ID	TEXT	1
Creation_Date	DATE	1
Modification_Date	DATE	1
Creation_Time	TIME	1
Modification_Time	TIME	1
Creation_User	TEXT	1
Modification_User	TEXT	1
One	NUMBER	1
gText_1	TEXT	1
gText_2	TEXT	1
gText_3	TEXT	1
gText_4	TEXT	1
gText_5	TEXT	1
gNumber_1	NUMBER	1
gNumber_2	NUMBER	1
gNumber_3	NUMBER	1
gNumber_4	NUMBER	1
gNumber_5	NUMBER	1
gBook_Counter	NUMBER	1
gBook_Length	NUMBER	1
gBook_Style	TEXT	1
parts_fabric_constant	TEXT	1
parts_category_constant	TEXT	1
parts_book_length_constant	TEXT	1
Length	NUMBER	1
Style_Key	TEXT	1
Fabric	TEXT	1
LengthPlusCalc	NUMBER	1
two_four_sq	NUMBER	1
two_four_shade	NUMBER	1
two_four_cuts	NUMBER	1
two_four_yds	NUMBER	1
two_four_fab	NUMBER	1
two_four_ttl	NUMBER	1
three_zero_sq	NUMBER	1
three_zero_shade	NUMBER	1
three_zero_cuts	NUMBER	1
three_zero_yds	NUMBER	1
three_zero_fab	NUMBER	1
three_zero_ttl	NUMBER	1
three_six_sq	NUMBER	1
three_six_shade	NUMBER	1
three_six_cuts	NUMBER	1
three_six_yds	NUMBER	1
three_six_fab	NUMBER	1
three_six_ttl	NUMBER	1
four_two_sq	NUMBER	1
four_two_shade	NUMBER	1
four_two_cuts	NUMBER	1
four_two_yds	NUMBER	1
four_two_fab	NUMBER	1
four_two_ttl	NUMBER	1
four_eight_sq	NUMBER	1
four_eight_shade	NUMBER	1
four_eight_cuts	NUMBER	1
four_eight_yds	NUMBER	1
four_eight_fab	NUMBER	1
four_eight_ttl	NUMBER	1
five_four_sq	NUMBER	1
five_four_shade	NUMBER	1
five_four_cuts	NUMBER	1
five_four_yds	NUMBER	1
five_four_fab	NUMBER	1
five_four_ttl	NUMBER	1
six_zero_sq	NUMBER	1
six_zero_shade	NUMBER	1
six_zero_cuts	NUMBER	1
six_zero_yds	NUMBER	1
six_zero_fab	NUMBER	1
siz_zero_ttl	NUMBER	1
six_six_sq	NUMBER	1
six_six_shade	NUMBER	1
six_six_cuts	NUMBER	1
six_six_yds	NUMBER	1
six_six_fab	NUMBER	1
six_six_ttl	NUMBER	1
seven_two_sq	NUMBER	1
seven_two_shade	NUMBER	1
seven_two_cuts	NUMBER	1
seven_two_yds	NUMBER	1
seven_two_fab	NUMBER	1
seven_two_ttl	NUMBER	1
seven_eight_sq	NUMBER	1
seven_eight_shade	NUMBER	1
seven_eight_cuts	NUMBER	1
seven_eight_yds	NUMBER	1
seven_eight_fab	NUMBER	1
seven_eight_ttl	NUMBER	1
eight_four_sq	NUMBER	1
eight_four_shade	NUMBER	1
eight_four_cuts	NUMBER	1
eight_four_yds	NUMBER	1
eight_four_fab	NUMBER	1
eight_four_ttl	NUMBER	1
nine_zero_sq	NUMBER	1
nine_zero_shade	NUMBER	1
nine_zero_cuts	NUMBER	1
nine_zero_yds	NUMBER	1
nine_zero_fab	NUMBER	1
nine_zero_ttl	NUMBER	1
nine_six_sq	NUMBER	1
nine_six_shade	NUMBER	1
nine_six_cuts	NUMBER	1
nine_six_yds	NUMBER	1
nine_six_fab	NUMBER	1
nine_six_ttl	NUMBER	1
one_zero_two_sq	NUMBER	1
one_zero_two_shade	NUMBER	1
one_zero_two_cuts	NUMBER	1
one_zero_two_yds	NUMBER	1
one_zero_two_fab	NUMBER	1
one_zero_two_ttl	NUMBER	1
one_zero_eight_sq	NUMBER	1
one_zero_eight_shade	NUMBER	1
one_zero_eight_cuts	NUMBER	1
one_zero_eight_yds	NUMBER	1
one_zero_eight_fab	NUMBER	1
one_zero_eight_ttl	NUMBER	1
one_one_four_sq	NUMBER	1
one_one_four_shade	NUMBER	1
one_one_four_cuts	NUMBER	1
one_one_four_yds	NUMBER	1
one_one_four_fab	NUMBER	1
one_one_four_ttl	NUMBER	1
one_two_zero_sq	NUMBER	1
one_two_zero_shade	NUMBER	1
one_two_zero_cuts	NUMBER	1
one_two_zero_yds	NUMBER	1
one_two_zero_fab	NUMBER	1
one_two_zero_ttl	NUMBER	1
one_two_six_sq	NUMBER	1
one_two_six_shade	NUMBER	1
one_two_six_cuts	NUMBER	1
one_two_six_yds	NUMBER	1
one_two_six_fab	NUMBER	1
one_two_six_ttl	NUMBER	1
one_three_two_sq	NUMBER	1
one_three_two_shade	NUMBER	1
one_three_two_cuts	NUMBER	1
one_three_two_yds	NUMBER	1
one_three_two_fab	NUMBER	1
one_three_two_ttl	NUMBER	1
one_three_eight_sq	NUMBER	1
one_three_eight_shade	NUMBER	1
one_three_eight_cuts	NUMBER	1
one_three_eight_yds	NUMBER	1
one_three_eight_fab	NUMBER	1
one_three_eight_ttl	NUMBER	1
one_four_four_sq	NUMBER	1
one_four_four_shade	NUMBER	1
one_four_four_cuts	NUMBER	1
one_four_four_yds	NUMBER	1
one_four_four_fab	NUMBER	1
one_four_four_ttl	NUMBER	1
one_five_zero_sq	NUMBER	1
one_five_zero_shade	NUMBER	1
one_five_zero_cuts	NUMBER	1
one_five_zero_yds	NUMBER	1
one_five_zero_fab	NUMBER	1
one_five_zero_ttl	NUMBER	1
one_five_six_sq	NUMBER	1
one_five_six_shade	NUMBER	1
one_five_six_cuts	NUMBER	1
one_five_six_yds	NUMBER	1
one_five_six_fab	NUMBER	1
one_five_six_ttl	NUMBER	1
one_six_two_sq	NUMBER	1
one_six_two_shade	NUMBER	1
one_six_two_cuts	NUMBER	1
one_six_two_yds	NUMBER	1
one_six_two_fab	NUMBER	1
one_six_two_ttl	NUMBER	1
one_six_eight_sq	NUMBER	1
one_six_eight_shade	NUMBER	1
one_six_eight_cuts	NUMBER	1
one_six_eight_yds	NUMBER	1
one_six_eight_fab	NUMBER	1
one_six_eight_ttl	NUMBER	1
sumParts	NUMBER	1
